ERROR: ld.so: object '/home/oldnero/.local/share/Steam/ubuntu12_32/gameoverlayrenderer.so' from LD_PRELOAD cannot be preloaded (wrong ELF class: ELFCLASS32): ignored.
ERROR: ld.so: object '/home/oldnero/.local/share/Steam/ubuntu12_32/gameoverlayrenderer.so' from LD_PRELOAD cannot be preloaded (wrong ELF class: ELFCLASS32): ignored.
ERROR: ld.so: object '/home/oldnero/.local/share/Steam/ubuntu12_32/gameoverlayrenderer.so' from LD_PRELOAD cannot be preloaded (wrong ELF class: ELFCLASS32): ignored.
ERROR: ld.so: object '/home/oldnero/.local/share/Steam/ubuntu12_32/gameoverlayrenderer.so' from LD_PRELOAD cannot be preloaded (wrong ELF class: ELFCLASS32): ignored.
ERROR: ld.so: object '/home/oldnero/.local/share/Steam/ubuntu12_32/gameoverlayrenderer.so' from LD_PRELOAD cannot be preloaded (wrong ELF class: ELFCLASS32): ignored.
ERROR: ld.so: object '/home/oldnero/.local/share/Steam/ubuntu12_32/gameoverlayrenderer.so' from LD_PRELOAD cannot be preloaded (wrong ELF class: ELFCLASS32): ignored.
fsync: up and running.
ERROR: ld.so: object '/home/oldnero/.local/share/Steam/ubuntu12_32/gameoverlayrenderer.so' from LD_PRELOAD cannot be preloaded (wrong ELF class: ELFCLASS32): ignored.
ERROR: ld.so: object '/home/oldnero/.local/share/Steam/ubuntu12_32/gameoverlayrenderer.so' from LD_PRELOAD cannot be preloaded (wrong ELF class: ELFCLASS32): ignored.
ERROR: ld.so: object '/home/oldnero/.local/share/Steam/ubuntu12_32/gameoverlayrenderer.so' from LD_PRELOAD cannot be preloaded (wrong ELF class: ELFCLASS32): ignored.
ERROR: ld.so: object '/home/oldnero/.local/share/Steam/ubuntu12_32/gameoverlayrenderer.so' from LD_PRELOAD cannot be preloaded (wrong ELF class: ELFCLASS32): ignored.
ERROR: ld.so: object '/home/oldnero/.local/share/Steam/ubuntu12_32/gameoverlayrenderer.so' from LD_PRELOAD cannot be preloaded (wrong ELF class: ELFCLASS32): ignored.
ERROR: ld.so: object '/home/oldnero/.local/share/Steam/ubuntu12_32/gameoverlayrenderer.so' from LD_PRELOAD cannot be preloaded (wrong ELF class: ELFCLASS32): ignored.
ERROR: ld.so: object '/home/oldnero/.local/share/Steam/ubuntu12_32/gameoverlayrenderer.so' from LD_PRELOAD cannot be preloaded (wrong ELF class: ELFCLASS32): ignored.
[S_API FAIL] SteamAPI_Init() failed; no appID found.
Either launch the game from Steam, or put the file steam_appid.txt containing the correct appID in your game folder.
ERROR: ld.so: object '/home/oldnero/.local/share/Steam/ubuntu12_32/gameoverlayrenderer.so' from LD_PRELOAD cannot be preloaded (wrong ELF class: ELFCLASS32): ignored.
ERROR: ld.so: object '/home/oldnero/.local/share/Steam/ubuntu12_32/gameoverlayrenderer.so' from LD_PRELOAD cannot be preloaded (wrong ELF class: ELFCLASS32): ignored.
ERROR: ld.so: object '/home/oldnero/.local/share/Steam/ubuntu12_32/gameoverlayrenderer.so' from LD_PRELOAD cannot be preloaded (wrong ELF class: ELFCLASS32): ignored.
ERROR: ld.so: object '/home/oldnero/.local/share/Steam/ubuntu12_32/gameoverlayrenderer.so' from LD_PRELOAD cannot be preloaded (wrong ELF class: ELFCLASS32): ignored.
[2024-04-13 14:35:50.693] [MANGOHUD] [error] [overlay_params.cpp:1003] Failed to read presets file: '/home/oldnero/.config/MangoHud/presets.conf'
ERROR: ld.so: object '/home/oldnero/.local/share/Steam/ubuntu12_32/gameoverlayrenderer.so' from LD_PRELOAD cannot be preloaded (wrong ELF class: ELFCLASS32): ignored.
ERROR: ld.so: object '/home/oldnero/.local/share/Steam/ubuntu12_32/gameoverlayrenderer.so' from LD_PRELOAD cannot be preloaded (wrong ELF class: ELFCLASS32): ignored.
[2024-04-13 14:35:50.858] [MANGOHUD] [error] [overlay_params.cpp:1003] Failed to read presets file: '/home/oldnero/.config/MangoHud/presets.conf'
[2024-04-13 14:35:51.501] [MANGOHUD] [error] [nvml.cpp:28] Getting device handle by PCI bus ID failed: Not Found
[2024-04-13 14:35:51.501] [MANGOHUD] [error] [nvml.cpp:29] Using index 0.
Fossilize INFO: Overriding serialization path: "/home/oldnero/.local/share/Steam/steamapps/shadercache/2678881644/fozpipelinesv6/steamapprun_pipeline_cache".
ERROR: ld.so: object '/home/oldnero/.local/share/Steam/ubuntu12_32/gameoverlayrenderer.so' from LD_PRELOAD cannot be preloaded (wrong ELF class: ELFCLASS32): ignored.
ERROR: ld.so: object '/home/oldnero/.local/share/Steam/ubuntu12_32/gameoverlayrenderer.so' from LD_PRELOAD cannot be preloaded (wrong ELF class: ELFCLASS32): ignored.
[2024-04-13 14:35:51.711] [MANGOHUD] [error] [overlay_params.cpp:1003] Failed to read presets file: '/home/oldnero/.config/MangoHud/presets.conf'
[2024-04-13 14:35:52.129] [MANGOHUD] [error] [nvml.cpp:28] Getting device handle by PCI bus ID failed: Not Found
[2024-04-13 14:35:52.129] [MANGOHUD] [error] [nvml.cpp:29] Using index 0.
Fossilize WARN: Pipeline library handle 0x000055555c85e000 is not registered.
It has either not been recorded, or it failed to be recorded earlier (which is expected if application uses an extension that is not recognized by Fossilize).
Fossilize WARN: Pipeline library handle 0x000055555d70f390 is not registered.
It has either not been recorded, or it failed to be recorded earlier (which is expected if application uses an extension that is not recognized by Fossilize).
Fossilize WARN: Pipeline library handle 0x000055555d79d880 is not registered.
It has either not been recorded, or it failed to be recorded earlier (which is expected if application uses an extension that is not recognized by Fossilize).
[2024-04-13 14:35:53.537] [MANGOHUD] [error] [nvctrl.cpp:56] XNVCtrl didn't find the correct display
ERROR: ld.so: object '/home/oldnero/.local/share/Steam/ubuntu12_32/gameoverlayrenderer.so' from LD_PRELOAD cannot be preloaded (wrong ELF class: ELFCLASS32): ignored.
ERROR: ld.so: object '/home/oldnero/.local/share/Steam/ubuntu12_32/gameoverlayrenderer.so' from LD_PRELOAD cannot be preloaded (wrong ELF class: ELFCLASS32): ignored.
ERROR: ld.so: object '/home/oldnero/.local/share/Steam/ubuntu12_32/gameoverlayrenderer.so' from LD_PRELOAD cannot be preloaded (wrong ELF class: ELFCLASS32): ignored.
Fossilize WARN: Pipeline library handle 0x00007b2f9406ea00 is not registered.
It has either not been recorded, or it failed to be recorded earlier (which is expected if application uses an extension that is not recognized by Fossilize).
Fossilize WARN: Pipeline library handle 0x000055555e0fbc20 is not registered.
It has either not been recorded, or it failed to be recorded earlier (which is expected if application uses an extension that is not recognized by Fossilize).
Fossilize WARN: Pipeline library handle 0x000055555e114d30 is not registered.
It has either not been recorded, or it failed to be recorded earlier (which is expected if application uses an extension that is not recognized by Fossilize).
Fossilize WARN: Pipeline library handle 0x00007b2f94383ed0 is not registered.
It has either not been recorded, or it failed to be recorded earlier (which is expected if application uses an extension that is not recognized by Fossilize).
Fossilize WARN: Pipeline library handle 0x000055555e26d530 is not registered.
It has either not been recorded, or it failed to be recorded earlier (which is expected if application uses an extension that is not recognized by Fossilize).
Fossilize WARN: Pipeline library handle 0x00007b2f9438e620 is not registered.
It has either not been recorded, or it failed to be recorded earlier (which is expected if application uses an extension that is not recognized by Fossilize).
Fossilize WARN: Pipeline library handle 0x000055555e2976d0 is not registered.
It has either not been recorded, or it failed to be recorded earlier (which is expected if application uses an extension that is not recognized by Fossilize).
Fossilize WARN: Pipeline library handle 0x00007b2f9472a460 is not registered.
It has either not been recorded, or it failed to be recorded earlier (which is expected if application uses an extension that is not recognized by Fossilize).
Fossilize WARN: Pipeline library handle 0x00007b2f94b3b9c0 is not registered.
It has either not been recorded, or it failed to be recorded earlier (which is expected if application uses an extension that is not recognized by Fossilize).
ERROR: ld.so: object '/home/oldnero/.local/share/Steam/ubuntu12_32/gameoverlayrenderer.so' from LD_PRELOAD cannot be preloaded (wrong ELF class: ELFCLASS32): ignored.
ERROR: ld.so: object '/home/oldnero/.local/share/Steam/ubuntu12_32/gameoverlayrenderer.so' from LD_PRELOAD cannot be preloaded (wrong ELF class: ELFCLASS32): ignored.
ERROR: ld.so: object '/home/oldnero/.local/share/Steam/ubuntu12_32/gameoverlayrenderer.so' from LD_PRELOAD cannot be preloaded (wrong ELF class: ELFCLASS32): ignored.
ERROR: ld.so: object '/home/oldnero/.local/share/Steam/ubuntu12_32/gameoverlayrenderer.so' from LD_PRELOAD cannot be preloaded (wrong ELF class: ELFCLASS32): ignored.
ERROR: ld.so: object '/home/oldnero/.local/share/Steam/ubuntu12_32/gameoverlayrenderer.so' from LD_PRELOAD cannot be preloaded (wrong ELF class: ELFCLASS32): ignored.
ERROR: ld.so: object '/home/oldnero/.local/share/Steam/ubuntu12_32/gameoverlayrenderer.so' from LD_PRELOAD cannot be preloaded (wrong ELF class: ELFCLASS32): ignored.
ERROR: ld.so: object '/home/oldnero/.local/share/Steam/ubuntu12_32/gameoverlayrenderer.so' from LD_PRELOAD cannot be preloaded (wrong ELF class: ELFCLASS32): ignored.
ERROR: ld.so: object '/home/oldnero/.local/share/Steam/ubuntu12_32/gameoverlayrenderer.so' from LD_PRELOAD cannot be preloaded (wrong ELF class: ELFCLASS32): ignored.
ERROR: ld.so: object '/home/oldnero/.local/share/Steam/ubuntu12_32/gameoverlayrenderer.so' from LD_PRELOAD cannot be preloaded (wrong ELF class: ELFCLASS32): ignored.
ERROR: ld.so: object '/home/oldnero/.local/share/Steam/ubuntu12_32/gameoverlayrenderer.so' from LD_PRELOAD cannot be preloaded (wrong ELF class: ELFCLASS32): ignored.
ERROR: ld.so: object '/home/oldnero/.local/share/Steam/ubuntu12_32/gameoverlayrenderer.so' from LD_PRELOAD cannot be preloaded (wrong ELF class: ELFCLASS32): ignored.
ERROR: ld.so: object '/home/oldnero/.local/share/Steam/ubuntu12_32/gameoverlayrenderer.so' from LD_PRELOAD cannot be preloaded (wrong ELF class: ELFCLASS32): ignored.
ERROR: ld.so: object '/home/oldnero/.local/share/Steam/ubuntu12_32/gameoverlayrenderer.so' from LD_PRELOAD cannot be preloaded (wrong ELF class: ELFCLASS32): ignored.
ERROR: ld.so: object '/home/oldnero/.local/share/Steam/ubuntu12_32/gameoverlayrenderer.so' from LD_PRELOAD cannot be preloaded (wrong ELF class: ELFCLASS32): ignored.
ERROR: ld.so: object '/home/oldnero/.local/share/Steam/ubuntu12_32/gameoverlayrenderer.so' from LD_PRELOAD cannot be preloaded (wrong ELF class: ELFCLASS32): ignored.
ERROR: ld.so: object '/home/oldnero/.local/share/Steam/ubuntu12_32/gameoverlayrenderer.so' from LD_PRELOAD cannot be preloaded (wrong ELF class: ELFCLASS32): ignored.
ERROR: ld.so: object '/home/oldnero/.local/share/Steam/ubuntu12_32/gameoverlayrenderer.so' from LD_PRELOAD cannot be preloaded (wrong ELF class: ELFCLASS32): ignored.
ERROR: ld.so: object '/home/oldnero/.local/share/Steam/ubuntu12_32/gameoverlayrenderer.so' from LD_PRELOAD cannot be preloaded (wrong ELF class: ELFCLASS32): ignored.
ERROR: ld.so: object '/home/oldnero/.local/share/Steam/ubuntu12_32/gameoverlayrenderer.so' from LD_PRELOAD cannot be preloaded (wrong ELF class: ELFCLASS32): ignored.
ERROR: ld.so: object '/home/oldnero/.local/share/Steam/ubuntu12_32/gameoverlayrenderer.so' from LD_PRELOAD cannot be preloaded (wrong ELF class: ELFCLASS32): ignored.
ERROR: ld.so: object '/home/oldnero/.local/share/Steam/ubuntu12_32/gameoverlayrenderer.so' from LD_PRELOAD cannot be preloaded (wrong ELF class: ELFCLASS32): ignored.
ERROR: ld.so: object '/home/oldnero/.local/share/Steam/ubuntu12_32/gameoverlayrenderer.so' from LD_PRELOAD cannot be preloaded (wrong ELF class: ELFCLASS32): ignored.
ERROR: ld.so: object '/home/oldnero/.local/share/Steam/ubuntu12_32/gameoverlayrenderer.so' from LD_PRELOAD cannot be preloaded (wrong ELF class: ELFCLASS32): ignored.
ERROR: ld.so: object '/home/oldnero/.local/share/Steam/ubuntu12_32/gameoverlayrenderer.so' from LD_PRELOAD cannot be preloaded (wrong ELF class: ELFCLASS32): ignored.
ERROR: ld.so: object '/home/oldnero/.local/share/Steam/ubuntu12_32/gameoverlayrenderer.so' from LD_PRELOAD cannot be preloaded (wrong ELF class: ELFCLASS32): ignored.
ERROR: ld.so: object '/home/oldnero/.local/share/Steam/ubuntu12_32/gameoverlayrenderer.so' from LD_PRELOAD cannot be preloaded (wrong ELF class: ELFCLASS32): ignored.
ERROR: ld.so: object '/home/oldnero/.local/share/Steam/ubuntu12_32/gameoverlayrenderer.so' from LD_PRELOAD cannot be preloaded (wrong ELF class: ELFCLASS32): ignored.
ERROR: ld.so: object '/home/oldnero/.local/share/Steam/ubuntu12_32/gameoverlayrenderer.so' from LD_PRELOAD cannot be preloaded (wrong ELF class: ELFCLASS32): ignored.
ERROR: ld.so: object '/home/oldnero/.local/share/Steam/ubuntu12_32/gameoverlayrenderer.so' from LD_PRELOAD cannot be preloaded (wrong ELF class: ELFCLASS32): ignored.
ERROR: ld.so: object '/home/oldnero/.local/share/Steam/ubuntu12_32/gameoverlayrenderer.so' from LD_PRELOAD cannot be preloaded (wrong ELF class: ELFCLASS32): ignored.
ERROR: ld.so: object '/home/oldnero/.local/share/Steam/ubuntu12_32/gameoverlayrenderer.so' from LD_PRELOAD cannot be preloaded (wrong ELF class: ELFCLASS32): ignored.
ERROR: ld.so: object '/home/oldnero/.local/share/Steam/ubuntu12_32/gameoverlayrenderer.so' from LD_PRELOAD cannot be preloaded (wrong ELF class: ELFCLASS32): ignored.
ERROR: ld.so: object '/home/oldnero/.local/share/Steam/ubuntu12_32/gameoverlayrenderer.so' from LD_PRELOAD cannot be preloaded (wrong ELF class: ELFCLASS32): ignored.
ERROR: ld.so: object '/home/oldnero/.local/share/Steam/ubuntu12_32/gameoverlayrenderer.so' from LD_PRELOAD cannot be preloaded (wrong ELF class: ELFCLASS32): ignored.
ERROR: ld.so: object '/home/oldnero/.local/share/Steam/ubuntu12_32/gameoverlayrenderer.so' from LD_PRELOAD cannot be preloaded (wrong ELF class: ELFCLASS32): ignored.
Fossilize WARN: Pipeline library handle 0x00007b303c156ed0 is not registered.
It has either not been recorded, or it failed to be recorded earlier (which is expected if application uses an extension that is not recognized by Fossilize).
Fossilize WARN: Pipeline library handle 0x00007b303c795fa0 is not registered.
It has either not been recorded, or it failed to be recorded earlier (which is expected if application uses an extension that is not recognized by Fossilize).
ERROR: ld.so: object '/home/oldnero/.local/share/Steam/ubuntu12_32/gameoverlayrenderer.so' from LD_PRELOAD cannot be preloaded (wrong ELF class: ELFCLASS32): ignored.
Fossilize WARN: Pipeline library handle 0x00007b303ce79040 is not registered.
It has either not been recorded, or it failed to be recorded earlier (which is expected if application uses an extension that is not recognized by Fossilize).
ERROR: ld.so: object '/home/oldnero/.local/share/Steam/ubuntu12_32/gameoverlayrenderer.so' from LD_PRELOAD cannot be preloaded (wrong ELF class: ELFCLASS32): ignored.
Fossilize WARN: Pipeline library handle 0x00007b304d9abb20 is not registered.
It has either not been recorded, or it failed to be recorded earlier (which is expected if application uses an extension that is not recognized by Fossilize).
ERROR: ld.so: object '/home/oldnero/.local/share/Steam/ubuntu12_32/gameoverlayrenderer.so' from LD_PRELOAD cannot be preloaded (wrong ELF class: ELFCLASS32): ignored.
ERROR: ld.so: object '/home/oldnero/.local/share/Steam/ubuntu12_32/gameoverlayrenderer.so' from LD_PRELOAD cannot be preloaded (wrong ELF class: ELFCLASS32): ignored.
ERROR: ld.so: object '/home/oldnero/.local/share/Steam/ubuntu12_32/gameoverlayrenderer.so' from LD_PRELOAD cannot be preloaded (wrong ELF class: ELFCLASS32): ignored.
Fossilize WARN: Pipeline library handle 0x00007b2f8c2f97f0 is not registered.
It has either not been recorded, or it failed to be recorded earlier (which is expected if application uses an extension that is not recognized by Fossilize).
Fossilize WARN: Pipeline library handle 0x00007b2f8c313cb0 is not registered.
It has either not been recorded, or it failed to be recorded earlier (which is expected if application uses an extension that is not recognized by Fossilize).
Fossilize WARN: Pipeline library handle 0x00007b2f8c8b8b10 is not registered.
It has either not been recorded, or it failed to be recorded earlier (which is expected if application uses an extension that is not recognized by Fossilize).
Fossilize WARN: Pipeline library handle 0x00007b304bb67290 is not registered.
It has either not been recorded, or it failed to be recorded earlier (which is expected if application uses an extension that is not recognized by Fossilize).
ERROR: ld.so: object '/home/oldnero/.local/share/Steam/ubuntu12_32/gameoverlayrenderer.so' from LD_PRELOAD cannot be preloaded (wrong ELF class: ELFCLASS32): ignored.
ERROR: ld.so: object '/home/oldnero/.local/share/Steam/ubuntu12_32/gameoverlayrenderer.so' from LD_PRELOAD cannot be preloaded (wrong ELF class: ELFCLASS32): ignored.
ERROR: ld.so: object '/home/oldnero/.local/share/Steam/ubuntu12_32/gameoverlayrenderer.so' from LD_PRELOAD cannot be preloaded (wrong ELF class: ELFCLASS32): ignored.
ERROR: ld.so: object '/home/oldnero/.local/share/Steam/ubuntu12_32/gameoverlayrenderer.so' from LD_PRELOAD cannot be preloaded (wrong ELF class: ELFCLASS32): ignored.
ERROR: ld.so: object '/home/oldnero/.local/share/Steam/ubuntu12_32/gameoverlayrenderer.so' from LD_PRELOAD cannot be preloaded (wrong ELF class: ELFCLASS32): ignored.
ERROR: ld.so: object '/home/oldnero/.local/share/Steam/ubuntu12_32/gameoverlayrenderer.so' from LD_PRELOAD cannot be preloaded (wrong ELF class: ELFCLASS32): ignored.
ERROR: ld.so: object '/home/oldnero/.local/share/Steam/ubuntu12_32/gameoverlayrenderer.so' from LD_PRELOAD cannot be preloaded (wrong ELF class: ELFCLASS32): ignored.
ERROR: ld.so: object '/home/oldnero/.local/share/Steam/ubuntu12_32/gameoverlayrenderer.so' from LD_PRELOAD cannot be preloaded (wrong ELF class: ELFCLASS32): ignored.
ERROR: ld.so: object '/home/oldnero/.local/share/Steam/ubuntu12_32/gameoverlayrenderer.so' from LD_PRELOAD cannot be preloaded (wrong ELF class: ELFCLASS32): ignored.
ERROR: ld.so: object '/home/oldnero/.local/share/Steam/ubuntu12_32/gameoverlayrenderer.so' from LD_PRELOAD cannot be preloaded (wrong ELF class: ELFCLASS32): ignored.
ERROR: ld.so: object '/home/oldnero/.local/share/Steam/ubuntu12_32/gameoverlayrenderer.so' from LD_PRELOAD cannot be preloaded (wrong ELF class: ELFCLASS32): ignored.
ERROR: ld.so: object '/home/oldnero/.local/share/Steam/ubuntu12_32/gameoverlayrenderer.so' from LD_PRELOAD cannot be preloaded (wrong ELF class: ELFCLASS32): ignored.
ERROR: ld.so: object '/home/oldnero/.local/share/Steam/ubuntu12_32/gameoverlayrenderer.so' from LD_PRELOAD cannot be preloaded (wrong ELF class: ELFCLASS32): ignored.
ERROR: ld.so: object '/home/oldnero/.local/share/Steam/ubuntu12_32/gameoverlayrenderer.so' from LD_PRELOAD cannot be preloaded (wrong ELF class: ELFCLASS32): ignored.
ERROR: ld.so: object '/home/oldnero/.local/share/Steam/ubuntu12_32/gameoverlayrenderer.so' from LD_PRELOAD cannot be preloaded (wrong ELF class: ELFCLASS32): ignored.
ERROR: ld.so: object '/home/oldnero/.local/share/Steam/ubuntu12_32/gameoverlayrenderer.so' from LD_PRELOAD cannot be preloaded (wrong ELF class: ELFCLASS32): ignored.
ERROR: ld.so: object '/home/oldnero/.local/share/Steam/ubuntu12_32/gameoverlayrenderer.so' from LD_PRELOAD cannot be preloaded (wrong ELF class: ELFCLASS32): ignored.
ERROR: ld.so: object '/home/oldnero/.local/share/Steam/ubuntu12_32/gameoverlayrenderer.so' from LD_PRELOAD cannot be preloaded (wrong ELF class: ELFCLASS32): ignored.
ERROR: ld.so: object '/home/oldnero/.local/share/Steam/ubuntu12_32/gameoverlayrenderer.so' from LD_PRELOAD cannot be preloaded (wrong ELF class: ELFCLASS32): ignored.
ERROR: ld.so: object '/home/oldnero/.local/share/Steam/ubuntu12_32/gameoverlayrenderer.so' from LD_PRELOAD cannot be preloaded (wrong ELF class: ELFCLASS32): ignored.
ERROR: ld.so: object '/home/oldnero/.local/share/Steam/ubuntu12_32/gameoverlayrenderer.so' from LD_PRELOAD cannot be preloaded (wrong ELF class: ELFCLASS32): ignored.
ERROR: ld.so: object '/home/oldnero/.local/share/Steam/ubuntu12_32/gameoverlayrenderer.so' from LD_PRELOAD cannot be preloaded (wrong ELF class: ELFCLASS32): ignored.
ERROR: ld.so: object '/home/oldnero/.local/share/Steam/ubuntu12_32/gameoverlayrenderer.so' from LD_PRELOAD cannot be preloaded (wrong ELF class: ELFCLASS32): ignored.
ERROR: ld.so: object '/home/oldnero/.local/share/Steam/ubuntu12_32/gameoverlayrenderer.so' from LD_PRELOAD cannot be preloaded (wrong ELF class: ELFCLASS32): ignored.
ERROR: ld.so: object '/home/oldnero/.local/share/Steam/ubuntu12_32/gameoverlayrenderer.so' from LD_PRELOAD cannot be preloaded (wrong ELF class: ELFCLASS32): ignored.
ERROR: ld.so: object '/home/oldnero/.local/share/Steam/ubuntu12_32/gameoverlayrenderer.so' from LD_PRELOAD cannot be preloaded (wrong ELF class: ELFCLASS32): ignored.
ERROR: ld.so: object '/home/oldnero/.local/share/Steam/ubuntu12_32/gameoverlayrenderer.so' from LD_PRELOAD cannot be preloaded (wrong ELF class: ELFCLASS32): ignored.
ERROR: ld.so: object '/home/oldnero/.local/share/Steam/ubuntu12_32/gameoverlayrenderer.so' from LD_PRELOAD cannot be preloaded (wrong ELF class: ELFCLASS32): ignored.
ERROR: ld.so: object '/home/oldnero/.local/share/Steam/ubuntu12_32/gameoverlayrenderer.so' from LD_PRELOAD cannot be preloaded (wrong ELF class: ELFCLASS32): ignored.
ERROR: ld.so: object '/home/oldnero/.local/share/Steam/ubuntu12_32/gameoverlayrenderer.so' from LD_PRELOAD cannot be preloaded (wrong ELF class: ELFCLASS32): ignored.
ERROR: ld.so: object '/home/oldnero/.local/share/Steam/ubuntu12_32/gameoverlayrenderer.so' from LD_PRELOAD cannot be preloaded (wrong ELF class: ELFCLASS32): ignored.
ERROR: ld.so: object '/home/oldnero/.local/share/Steam/ubuntu12_32/gameoverlayrenderer.so' from LD_PRELOAD cannot be preloaded (wrong ELF class: ELFCLASS32): ignored.
ERROR: ld.so: object '/home/oldnero/.local/share/Steam/ubuntu12_32/gameoverlayrenderer.so' from LD_PRELOAD cannot be preloaded (wrong ELF class: ELFCLASS32): ignored.
Fossilize WARN: Pipeline library handle 0x00007b2f8f230620 is not registered.
It has either not been recorded, or it failed to be recorded earlier (which is expected if application uses an extension that is not recognized by Fossilize).
Fossilize WARN: Pipeline library handle 0x00007b2f8f398980 is not registered.
It has either not been recorded, or it failed to be recorded earlier (which is expected if application uses an extension that is not recognized by Fossilize).
ERROR: ld.so: object '/home/oldnero/.local/share/Steam/ubuntu12_32/gameoverlayrenderer.so' from LD_PRELOAD cannot be preloaded (wrong ELF class: ELFCLASS32): ignored.
ERROR: ld.so: object '/home/oldnero/.local/share/Steam/ubuntu12_32/gameoverlayrenderer.so' from LD_PRELOAD cannot be preloaded (wrong ELF class: ELFCLASS32): ignored.
ERROR: ld.so: object '/home/oldnero/.local/share/Steam/ubuntu12_32/gameoverlayrenderer.so' from LD_PRELOAD cannot be preloaded (wrong ELF class: ELFCLASS32): ignored.
Fossilize WARN: Pipeline library handle 0x00007b30642faec0 is not registered.
It has either not been recorded, or it failed to be recorded earlier (which is expected if application uses an extension that is not recognized by Fossilize).
ERROR: ld.so: object '/home/oldnero/.local/share/Steam/ubuntu12_32/gameoverlayrenderer.so' from LD_PRELOAD cannot be preloaded (wrong ELF class: ELFCLASS32): ignored.
ERROR: ld.so: object '/home/oldnero/.local/share/Steam/ubuntu12_32/gameoverlayrenderer.so' from LD_PRELOAD cannot be preloaded (wrong ELF class: ELFCLASS32): ignored.
ERROR: ld.so: object '/home/oldnero/.local/share/Steam/ubuntu12_32/gameoverlayrenderer.so' from LD_PRELOAD cannot be preloaded (wrong ELF class: ELFCLASS32): ignored.
ERROR: ld.so: object '/home/oldnero/.local/share/Steam/ubuntu12_32/gameoverlayrenderer.so' from LD_PRELOAD cannot be preloaded (wrong ELF class: ELFCLASS32): ignored.
ERROR: ld.so: object '/home/oldnero/.local/share/Steam/ubuntu12_32/gameoverlayrenderer.so' from LD_PRELOAD cannot be preloaded (wrong ELF class: ELFCLASS32): ignored.
ERROR: ld.so: object '/home/oldnero/.local/share/Steam/ubuntu12_32/gameoverlayrenderer.so' from LD_PRELOAD cannot be preloaded (wrong ELF class: ELFCLASS32): ignored.
Fossilize WARN: Pipeline library handle 0x00007b30643011c0 is not registered.
It has either not been recorded, or it failed to be recorded earlier (which is expected if application uses an extension that is not recognized by Fossilize).
Fossilize WARN: Pipeline library handle 0x00007b30642ff230 is not registered.
It has either not been recorded, or it failed to be recorded earlier (which is expected if application uses an extension that is not recognized by Fossilize).
ERROR: ld.so: object '/home/oldnero/.local/share/Steam/ubuntu12_32/gameoverlayrenderer.so' from LD_PRELOAD cannot be preloaded (wrong ELF class: ELFCLASS32): ignored.
Fossilize WARN: Pipeline library handle 0x00007b306400a380 is not registered.
It has either not been recorded, or it failed to be recorded earlier (which is expected if application uses an extension that is not recognized by Fossilize).
ERROR: ld.so: object '/home/oldnero/.local/share/Steam/ubuntu12_32/gameoverlayrenderer.so' from LD_PRELOAD cannot be preloaded (wrong ELF class: ELFCLASS32): ignored.
ERROR: ld.so: object '/home/oldnero/.local/share/Steam/ubuntu12_32/gameoverlayrenderer.so' from LD_PRELOAD cannot be preloaded (wrong ELF class: ELFCLASS32): ignored.
ERROR: ld.so: object '/home/oldnero/.local/share/Steam/ubuntu12_32/gameoverlayrenderer.so' from LD_PRELOAD cannot be preloaded (wrong ELF class: ELFCLASS32): ignored.
ERROR: ld.so: object '/home/oldnero/.local/share/Steam/ubuntu12_32/gameoverlayrenderer.so' from LD_PRELOAD cannot be preloaded (wrong ELF class: ELFCLASS32): ignored.
ERROR: ld.so: object '/home/oldnero/.local/share/Steam/ubuntu12_32/gameoverlayrenderer.so' from LD_PRELOAD cannot be preloaded (wrong ELF class: ELFCLASS32): ignored.
Fossilize WARN: Pipeline library handle 0x00007b2f8f246860 is not registered.
It has either not been recorded, or it failed to be recorded earlier (which is expected if application uses an extension that is not recognized by Fossilize).
ERROR: ld.so: object '/home/oldnero/.local/share/Steam/ubuntu12_32/gameoverlayrenderer.so' from LD_PRELOAD cannot be preloaded (wrong ELF class: ELFCLASS32): ignored.
Fossilize WARN: Pipeline library handle 0x00007b30643001f0 is not registered.
It has either not been recorded, or it failed to be recorded earlier (which is expected if application uses an extension that is not recognized by Fossilize).
ERROR: ld.so: object '/home/oldnero/.local/share/Steam/ubuntu12_32/gameoverlayrenderer.so' from LD_PRELOAD cannot be preloaded (wrong ELF class: ELFCLASS32): ignored.
Fossilize WARN: Pipeline library handle 0x00007b3064322c50 is not registered.
It has either not been recorded, or it failed to be recorded earlier (which is expected if application uses an extension that is not recognized by Fossilize).
ERROR: ld.so: object '/home/oldnero/.local/share/Steam/ubuntu12_32/gameoverlayrenderer.so' from LD_PRELOAD cannot be preloaded (wrong ELF class: ELFCLASS32): ignored.
ERROR: ld.so: object '/home/oldnero/.local/share/Steam/ubuntu12_32/gameoverlayrenderer.so' from LD_PRELOAD cannot be preloaded (wrong ELF class: ELFCLASS32): ignored.
ERROR: ld.so: object '/home/oldnero/.local/share/Steam/ubuntu12_32/gameoverlayrenderer.so' from LD_PRELOAD cannot be preloaded (wrong ELF class: ELFCLASS32): ignored.
ERROR: ld.so: object '/home/oldnero/.local/share/Steam/ubuntu12_32/gameoverlayrenderer.so' from LD_PRELOAD cannot be preloaded (wrong ELF class: ELFCLASS32): ignored.
ERROR: ld.so: object '/home/oldnero/.local/share/Steam/ubuntu12_32/gameoverlayrenderer.so' from LD_PRELOAD cannot be preloaded (wrong ELF class: ELFCLASS32): ignored.
ERROR: ld.so: object '/home/oldnero/.local/share/Steam/ubuntu12_32/gameoverlayrenderer.so' from LD_PRELOAD cannot be preloaded (wrong ELF class: ELFCLASS32): ignored.
ERROR: ld.so: object '/home/oldnero/.local/share/Steam/ubuntu12_32/gameoverlayrenderer.so' from LD_PRELOAD cannot be preloaded (wrong ELF class: ELFCLASS32): ignored.
Fossilize WARN: Pipeline library handle 0x00007b2f8f2b5ac0 is not registered.
It has either not been recorded, or it failed to be recorded earlier (which is expected if application uses an extension that is not recognized by Fossilize).
ERROR: ld.so: object '/home/oldnero/.local/share/Steam/ubuntu12_32/gameoverlayrenderer.so' from LD_PRELOAD cannot be preloaded (wrong ELF class: ELFCLASS32): ignored.
ERROR: ld.so: object '/home/oldnero/.local/share/Steam/ubuntu12_32/gameoverlayrenderer.so' from LD_PRELOAD cannot be preloaded (wrong ELF class: ELFCLASS32): ignored.
ERROR: ld.so: object '/home/oldnero/.local/share/Steam/ubuntu12_32/gameoverlayrenderer.so' from LD_PRELOAD cannot be preloaded (wrong ELF class: ELFCLASS32): ignored.
ERROR: ld.so: object '/home/oldnero/.local/share/Steam/ubuntu12_32/gameoverlayrenderer.so' from LD_PRELOAD cannot be preloaded (wrong ELF class: ELFCLASS32): ignored.
ERROR: ld.so: object '/home/oldnero/.local/share/Steam/ubuntu12_32/gameoverlayrenderer.so' from LD_PRELOAD cannot be preloaded (wrong ELF class: ELFCLASS32): ignored.
ERROR: ld.so: object '/home/oldnero/.local/share/Steam/ubuntu12_32/gameoverlayrenderer.so' from LD_PRELOAD cannot be preloaded (wrong ELF class: ELFCLASS32): ignored.
ERROR: ld.so: object '/home/oldnero/.local/share/Steam/ubuntu12_32/gameoverlayrenderer.so' from LD_PRELOAD cannot be preloaded (wrong ELF class: ELFCLASS32): ignored.
ERROR: ld.so: object '/home/oldnero/.local/share/Steam/ubuntu12_32/gameoverlayrenderer.so' from LD_PRELOAD cannot be preloaded (wrong ELF class: ELFCLASS32): ignored.
Fossilize WARN: Pipeline library handle 0x00007b2f8f258af0 is not registered.
It has either not been recorded, or it failed to be recorded earlier (which is expected if application uses an extension that is not recognized by Fossilize).
Fossilize WARN: Pipeline library handle 0x00007b2f8f3b7ab0 is not registered.
It has either not been recorded, or it failed to be recorded earlier (which is expected if application uses an extension that is not recognized by Fossilize).
Fossilize WARN: Pipeline library handle 0x00007b30643272f0 is not registered.
It has either not been recorded, or it failed to be recorded earlier (which is expected if application uses an extension that is not recognized by Fossilize).
Fossilize WARN: Pipeline library handle 0x00007b30643296c0 is not registered.
It has either not been recorded, or it failed to be recorded earlier (which is expected if application uses an extension that is not recognized by Fossilize).
Fossilize WARN: Pipeline library handle 0x00007b3064053fa0 is not registered.
It has either not been recorded, or it failed to be recorded earlier (which is expected if application uses an extension that is not recognized by Fossilize).
Fossilize WARN: Pipeline library handle 0x00007b2f8f62a140 is not registered.
It has either not been recorded, or it failed to be recorded earlier (which is expected if application uses an extension that is not recognized by Fossilize).
Fossilize WARN: Pipeline library handle 0x00007b30644d1470 is not registered.
It has either not been recorded, or it failed to be recorded earlier (which is expected if application uses an extension that is not recognized by Fossilize).
Fossilize WARN: Pipeline library handle 0x00007b3064766dc0 is not registered.
It has either not been recorded, or it failed to be recorded earlier (which is expected if application uses an extension that is not recognized by Fossilize).
Fossilize WARN: Pipeline library handle 0x00007b2f8f2ab030 is not registered.
It has either not been recorded, or it failed to be recorded earlier (which is expected if application uses an extension that is not recognized by Fossilize).
Fossilize WARN: Pipeline library handle 0x00007b2f8f209790 is not registered.
It has either not been recorded, or it failed to be recorded earlier (which is expected if application uses an extension that is not recognized by Fossilize).
Fossilize WARN: Pipeline library handle 0x00007b30d822ddb0 is not registered.
It has either not been recorded, or it failed to be recorded earlier (which is expected if application uses an extension that is not recognized by Fossilize).
Fossilize WARN: Pipeline library handle 0x00007b30d80429b0 is not registered.
It has either not been recorded, or it failed to be recorded earlier (which is expected if application uses an extension that is not recognized by Fossilize).
Fossilize WARN: Pipeline library handle 0x00007b30d8050980 is not registered.
It has either not been recorded, or it failed to be recorded earlier (which is expected if application uses an extension that is not recognized by Fossilize).
Fossilize WARN: Pipeline library handle 0x00007b30d803cf30 is not registered.
It has either not been recorded, or it failed to be recorded earlier (which is expected if application uses an extension that is not recognized by Fossilize).
Fossilize WARN: Pipeline library handle 0x00007b30d82258a0 is not registered.
It has either not been recorded, or it failed to be recorded earlier (which is expected if application uses an extension that is not recognized by Fossilize).
Fossilize WARN: Pipeline library handle 0x00007b2f8f1a09b0 is not registered.
It has either not been recorded, or it failed to be recorded earlier (which is expected if application uses an extension that is not recognized by Fossilize).
